<?xml version="1.0" encoding="UTF-8"?>
<testng-results skipped="1" failed="0" ignored="12" total="16" passed="3">
  <reporter-output>
  </reporter-output>
  <suite name="Portfolio Suite" duration-ms="180613" started-at="2022-03-05T11:48:46 IST" finished-at="2022-03-05T11:51:47 IST">
    <groups>
    </groups>
    <test name="Create Portfolio Create New Portfolio iteration 1" duration-ms="110564" started-at="2022-03-05T11:48:46 IST" finished-at="2022-03-05T11:50:37 IST">
      <class name="testcases.rediff.PortfolioManagement">
        <test-method status="PASS" signature="beforeTest(org.testng.ITestContext)[pri:0, instance:testcases.rediff.PortfolioManagement@3d909ca0]" name="beforeTest" is-config="true" duration-ms="102758" started-at="2022-03-05T11:48:46 IST" finished-at="2022-03-05T11:50:29 IST">
          <params>
            <param index="0">
              <value>
                <![CDATA[org.testng.TestRunner@bf99af7]]>
              </value>
            </param>
          </params>
          <reporter-output>
          </reporter-output>
        </test-method> <!-- beforeTest -->
        <test-method status="PASS" signature="beforeMethod(org.testng.ITestContext)[pri:0, instance:testcases.rediff.PortfolioManagement@3d909ca0]" name="beforeMethod" is-config="true" duration-ms="4" started-at="2022-03-05T11:50:29 IST" finished-at="2022-03-05T11:50:29 IST">
          <params>
            <param index="0">
              <value>
                <![CDATA[org.testng.TestRunner@bf99af7]]>
              </value>
            </param>
          </params>
          <reporter-output>
          </reporter-output>
        </test-method> <!-- beforeMethod -->
        <test-method status="PASS" signature="createPortfolio(org.testng.ITestContext)[pri:0, instance:testcases.rediff.PortfolioManagement@3d909ca0]" name="createPortfolio" duration-ms="5579" started-at="2022-03-05T11:50:29 IST" finished-at="2022-03-05T11:50:35 IST">
          <params>
            <param index="0">
              <value>
                <![CDATA[org.testng.TestRunner@bf99af7]]>
              </value>
            </param>
          </params>
          <reporter-output>
          </reporter-output>
        </test-method> <!-- createPortfolio -->
        <test-method status="PASS" signature="afterMethod()[pri:0, instance:testcases.rediff.PortfolioManagement@3d909ca0]" name="afterMethod" is-config="true" duration-ms="2" started-at="2022-03-05T11:50:35 IST" finished-at="2022-03-05T11:50:35 IST">
          <reporter-output>
          </reporter-output>
        </test-method> <!-- afterMethod -->
        <test-method status="PASS" signature="quit(org.testng.ITestContext)[pri:0, instance:testcases.rediff.PortfolioManagement@3d909ca0]" name="quit" is-config="true" duration-ms="2152" started-at="2022-03-05T11:50:35 IST" finished-at="2022-03-05T11:50:37 IST">
          <params>
            <param index="0">
              <value>
                <![CDATA[org.testng.TestRunner@bf99af7]]>
              </value>
            </param>
          </params>
          <reporter-output>
          </reporter-output>
        </test-method> <!-- quit -->
      </class> <!-- testcases.rediff.PortfolioManagement -->
    </test> <!-- Create Portfolio Create New Portfolio iteration 1 -->
    <test name="Create Portfolio Create New Portfolio iteration 2" duration-ms="31823" started-at="2022-03-05T11:50:37 IST" finished-at="2022-03-05T11:51:09 IST">
      <class name="testcases.rediff.PortfolioManagement">
        <test-method status="PASS" signature="beforeTest(org.testng.ITestContext)[pri:0, instance:testcases.rediff.PortfolioManagement@1db03aed]" name="beforeTest" is-config="true" duration-ms="25378" started-at="2022-03-05T11:50:37 IST" finished-at="2022-03-05T11:51:02 IST">
          <params>
            <param index="0">
              <value>
                <![CDATA[org.testng.TestRunner@490ed604]]>
              </value>
            </param>
          </params>
          <reporter-output>
          </reporter-output>
        </test-method> <!-- beforeTest -->
        <test-method status="PASS" signature="beforeMethod(org.testng.ITestContext)[pri:0, instance:testcases.rediff.PortfolioManagement@1db03aed]" name="beforeMethod" is-config="true" duration-ms="5" started-at="2022-03-05T11:51:02 IST" finished-at="2022-03-05T11:51:02 IST">
          <params>
            <param index="0">
              <value>
                <![CDATA[org.testng.TestRunner@490ed604]]>
              </value>
            </param>
          </params>
          <reporter-output>
          </reporter-output>
        </test-method> <!-- beforeMethod -->
        <test-method status="PASS" signature="createPortfolio(org.testng.ITestContext)[pri:0, instance:testcases.rediff.PortfolioManagement@1db03aed]" name="createPortfolio" duration-ms="5598" started-at="2022-03-05T11:51:02 IST" finished-at="2022-03-05T11:51:08 IST">
          <params>
            <param index="0">
              <value>
                <![CDATA[org.testng.TestRunner@490ed604]]>
              </value>
            </param>
          </params>
          <reporter-output>
          </reporter-output>
        </test-method> <!-- createPortfolio -->
        <test-method status="PASS" signature="afterMethod()[pri:0, instance:testcases.rediff.PortfolioManagement@1db03aed]" name="afterMethod" is-config="true" duration-ms="3" started-at="2022-03-05T11:51:08 IST" finished-at="2022-03-05T11:51:08 IST">
          <reporter-output>
          </reporter-output>
        </test-method> <!-- afterMethod -->
        <test-method status="PASS" signature="quit(org.testng.ITestContext)[pri:0, instance:testcases.rediff.PortfolioManagement@1db03aed]" name="quit" is-config="true" duration-ms="830" started-at="2022-03-05T11:51:08 IST" finished-at="2022-03-05T11:51:09 IST">
          <params>
            <param index="0">
              <value>
                <![CDATA[org.testng.TestRunner@490ed604]]>
              </value>
            </param>
          </params>
          <reporter-output>
          </reporter-output>
        </test-method> <!-- quit -->
      </class> <!-- testcases.rediff.PortfolioManagement -->
    </test> <!-- Create Portfolio Create New Portfolio iteration 2 -->
    <test name="Delete Portfolio Delete Existing Portfolio iteration 1" duration-ms="37968" started-at="2022-03-05T11:51:09 IST" finished-at="2022-03-05T11:51:47 IST">
      <class name="testcases.rediff.PortfolioManagement">
        <test-method status="PASS" signature="beforeTest(org.testng.ITestContext)[pri:0, instance:testcases.rediff.PortfolioManagement@35f522f8]" name="beforeTest" is-config="true" duration-ms="25141" started-at="2022-03-05T11:51:09 IST" finished-at="2022-03-05T11:51:34 IST">
          <params>
            <param index="0">
              <value>
                <![CDATA[org.testng.TestRunner@41451738]]>
              </value>
            </param>
          </params>
          <reporter-output>
          </reporter-output>
        </test-method> <!-- beforeTest -->
        <test-method status="PASS" signature="beforeMethod(org.testng.ITestContext)[pri:0, instance:testcases.rediff.PortfolioManagement@35f522f8]" name="beforeMethod" is-config="true" duration-ms="4" started-at="2022-03-05T11:51:34 IST" finished-at="2022-03-05T11:51:34 IST">
          <params>
            <param index="0">
              <value>
                <![CDATA[org.testng.TestRunner@41451738]]>
              </value>
            </param>
          </params>
          <reporter-output>
          </reporter-output>
        </test-method> <!-- beforeMethod -->
        <test-method status="PASS" signature="deletePortfolio(org.testng.ITestContext)[pri:0, instance:testcases.rediff.PortfolioManagement@35f522f8]" name="deletePortfolio" duration-ms="9731" started-at="2022-03-05T11:51:34 IST" finished-at="2022-03-05T11:51:44 IST">
          <params>
            <param index="0">
              <value>
                <![CDATA[org.testng.TestRunner@41451738]]>
              </value>
            </param>
          </params>
          <reporter-output>
          </reporter-output>
        </test-method> <!-- deletePortfolio -->
        <test-method status="PASS" signature="afterMethod()[pri:0, instance:testcases.rediff.PortfolioManagement@35f522f8]" name="afterMethod" is-config="true" duration-ms="1" started-at="2022-03-05T11:51:44 IST" finished-at="2022-03-05T11:51:44 IST">
          <reporter-output>
          </reporter-output>
        </test-method> <!-- afterMethod -->
        <test-method status="PASS" signature="quit(org.testng.ITestContext)[pri:0, instance:testcases.rediff.PortfolioManagement@35f522f8]" name="quit" is-config="true" duration-ms="3086" started-at="2022-03-05T11:51:44 IST" finished-at="2022-03-05T11:51:47 IST">
          <params>
            <param index="0">
              <value>
                <![CDATA[org.testng.TestRunner@41451738]]>
              </value>
            </param>
          </params>
          <reporter-output>
          </reporter-output>
        </test-method> <!-- quit -->
      </class> <!-- testcases.rediff.PortfolioManagement -->
    </test> <!-- Delete Portfolio Delete Existing Portfolio iteration 1 -->
    <test name="Delete Portfolio Delete Existing Portfolio iteration 2" duration-ms="145" started-at="2022-03-05T11:51:47 IST" finished-at="2022-03-05T11:51:47 IST">
      <class name="testcases.rediff.PortfolioManagement">
        <test-method status="SKIP" signature="beforeTest(org.testng.ITestContext)[pri:0, instance:testcases.rediff.PortfolioManagement@7898dbd9]" name="beforeTest" is-config="true" duration-ms="96" started-at="2022-03-05T11:51:47 IST" finished-at="2022-03-05T11:51:47 IST">
          <params>
            <param index="0">
              <value>
                <![CDATA[org.testng.TestRunner@7999f48c]]>
              </value>
            </param>
          </params>
          <exception class="org.testng.SkipException">
            <message>
              <![CDATA[skipping as data runmode is N]]>
            </message>
            <full-stacktrace>
              <![CDATA[org.testng.SkipException: skipping as data runmode is N
at testbase.BaseTest.beforeTest(BaseTest.java:62)
at sun.reflect.NativeMethodAccessorImpl.invoke0(Native Method)
at sun.reflect.NativeMethodAccessorImpl.invoke(NativeMethodAccessorImpl.java:62)
at sun.reflect.DelegatingMethodAccessorImpl.invoke(DelegatingMethodAccessorImpl.java:43)
at java.lang.reflect.Method.invoke(Method.java:498)
at org.testng.internal.MethodInvocationHelper.invokeMethod(MethodInvocationHelper.java:133)
at org.testng.internal.MethodInvocationHelper.invokeMethodConsideringTimeout(MethodInvocationHelper.java:62)
at org.testng.internal.ConfigInvoker.invokeConfigurationMethod(ConfigInvoker.java:340)
at org.testng.internal.ConfigInvoker.invokeConfigurations(ConfigInvoker.java:294)
at org.testng.TestRunner.invokeTestConfigurations(TestRunner.java:623)
at org.testng.TestRunner.beforeRun(TestRunner.java:613)
at org.testng.TestRunner.run(TestRunner.java:584)
at org.testng.SuiteRunner.runTest(SuiteRunner.java:402)
at org.testng.SuiteRunner.runSequentially(SuiteRunner.java:396)
at org.testng.SuiteRunner.privateRun(SuiteRunner.java:355)
at org.testng.SuiteRunner.run(SuiteRunner.java:304)
at org.testng.SuiteRunnerWorker.runSuite(SuiteRunnerWorker.java:53)
at org.testng.SuiteRunnerWorker.run(SuiteRunnerWorker.java:96)
at org.testng.TestNG.runSuitesSequentially(TestNG.java:1180)
at org.testng.TestNG.runSuitesLocally(TestNG.java:1102)
at org.testng.TestNG.runSuites(TestNG.java:1032)
at org.testng.TestNG.run(TestNG.java:1000)
at runner.TestNGRunner.run(TestNGRunner.java:86)
at runner.JSONRunner.main(JSONRunner.java:115)
at org.codehaus.mojo.exec.ExecJavaMojo$1.run(ExecJavaMojo.java:254)
at java.lang.Thread.run(Thread.java:748)
]]>
            </full-stacktrace>
          </exception> <!-- org.testng.SkipException -->
          <reporter-output>
          </reporter-output>
        </test-method> <!-- beforeTest -->
        <test-method status="FAIL" signature="beforeMethod(org.testng.ITestContext)[pri:0, instance:testcases.rediff.PortfolioManagement@7898dbd9]" name="beforeMethod" is-config="true" duration-ms="17" started-at="2022-03-05T11:51:47 IST" finished-at="2022-03-05T11:51:47 IST">
          <params>
            <param index="0">
              <value>
                <![CDATA[org.testng.TestRunner@7999f48c]]>
              </value>
            </param>
          </params>
          <exception class="java.lang.NullPointerException">
            <full-stacktrace>
              <![CDATA[java.lang.NullPointerException
at testbase.BaseTest.beforeMethod(BaseTest.java:98)
at sun.reflect.NativeMethodAccessorImpl.invoke0(Native Method)
at sun.reflect.NativeMethodAccessorImpl.invoke(NativeMethodAccessorImpl.java:62)
at sun.reflect.DelegatingMethodAccessorImpl.invoke(DelegatingMethodAccessorImpl.java:43)
at java.lang.reflect.Method.invoke(Method.java:498)
at org.testng.internal.MethodInvocationHelper.invokeMethod(MethodInvocationHelper.java:133)
at org.testng.internal.MethodInvocationHelper.invokeMethodConsideringTimeout(MethodInvocationHelper.java:62)
at org.testng.internal.ConfigInvoker.invokeConfigurationMethod(ConfigInvoker.java:340)
at org.testng.internal.ConfigInvoker.invokeConfigurations(ConfigInvoker.java:294)
at org.testng.internal.TestInvoker.runConfigMethods(TestInvoker.java:683)
at org.testng.internal.TestInvoker.invokeMethod(TestInvoker.java:510)
at org.testng.internal.TestInvoker.invokeTestMethod(TestInvoker.java:172)
at org.testng.internal.MethodRunner.runInSequence(MethodRunner.java:46)
at org.testng.internal.TestInvoker$MethodInvocationAgent.invoke(TestInvoker.java:804)
at org.testng.internal.TestInvoker.invokeTestMethods(TestInvoker.java:145)
at org.testng.internal.TestMethodWorker.invokeTestMethods(TestMethodWorker.java:146)
at org.testng.internal.TestMethodWorker.run(TestMethodWorker.java:128)
at java.util.ArrayList.forEach(ArrayList.java:1257)
at org.testng.TestRunner.privateRun(TestRunner.java:770)
at org.testng.TestRunner.run(TestRunner.java:591)
at org.testng.SuiteRunner.runTest(SuiteRunner.java:402)
at org.testng.SuiteRunner.runSequentially(SuiteRunner.java:396)
at org.testng.SuiteRunner.privateRun(SuiteRunner.java:355)
at org.testng.SuiteRunner.run(SuiteRunner.java:304)
at org.testng.SuiteRunnerWorker.runSuite(SuiteRunnerWorker.java:53)
at org.testng.SuiteRunnerWorker.run(SuiteRunnerWorker.java:96)
at org.testng.TestNG.runSuitesSequentially(TestNG.java:1180)
at org.testng.TestNG.runSuitesLocally(TestNG.java:1102)
at org.testng.TestNG.runSuites(TestNG.java:1032)
at org.testng.TestNG.run(TestNG.java:1000)
at runner.TestNGRunner.run(TestNGRunner.java:86)
at runner.JSONRunner.main(JSONRunner.java:115)
at org.codehaus.mojo.exec.ExecJavaMojo$1.run(ExecJavaMojo.java:254)
at java.lang.Thread.run(Thread.java:748)
]]>
            </full-stacktrace>
          </exception> <!-- java.lang.NullPointerException -->
          <reporter-output>
          </reporter-output>
        </test-method> <!-- beforeMethod -->
        <test-method status="SKIP" signature="deletePortfolio(org.testng.ITestContext)[pri:0, instance:testcases.rediff.PortfolioManagement@7898dbd9]" name="deletePortfolio" duration-ms="0" started-at="2022-03-05T11:51:47 IST" finished-at="2022-03-05T11:51:47 IST">
          <exception class="java.lang.NullPointerException">
            <full-stacktrace>
              <![CDATA[java.lang.NullPointerException
at testbase.BaseTest.beforeMethod(BaseTest.java:98)
at sun.reflect.NativeMethodAccessorImpl.invoke0(Native Method)
at sun.reflect.NativeMethodAccessorImpl.invoke(NativeMethodAccessorImpl.java:62)
at sun.reflect.DelegatingMethodAccessorImpl.invoke(DelegatingMethodAccessorImpl.java:43)
at java.lang.reflect.Method.invoke(Method.java:498)
at org.testng.internal.MethodInvocationHelper.invokeMethod(MethodInvocationHelper.java:133)
at org.testng.internal.MethodInvocationHelper.invokeMethodConsideringTimeout(MethodInvocationHelper.java:62)
at org.testng.internal.ConfigInvoker.invokeConfigurationMethod(ConfigInvoker.java:340)
at org.testng.internal.ConfigInvoker.invokeConfigurations(ConfigInvoker.java:294)
at org.testng.internal.TestInvoker.runConfigMethods(TestInvoker.java:683)
at org.testng.internal.TestInvoker.invokeMethod(TestInvoker.java:510)
at org.testng.internal.TestInvoker.invokeTestMethod(TestInvoker.java:172)
at org.testng.internal.MethodRunner.runInSequence(MethodRunner.java:46)
at org.testng.internal.TestInvoker$MethodInvocationAgent.invoke(TestInvoker.java:804)
at org.testng.internal.TestInvoker.invokeTestMethods(TestInvoker.java:145)
at org.testng.internal.TestMethodWorker.invokeTestMethods(TestMethodWorker.java:146)
at org.testng.internal.TestMethodWorker.run(TestMethodWorker.java:128)
at java.util.ArrayList.forEach(ArrayList.java:1257)
at org.testng.TestRunner.privateRun(TestRunner.java:770)
at org.testng.TestRunner.run(TestRunner.java:591)
at org.testng.SuiteRunner.runTest(SuiteRunner.java:402)
at org.testng.SuiteRunner.runSequentially(SuiteRunner.java:396)
at org.testng.SuiteRunner.privateRun(SuiteRunner.java:355)
at org.testng.SuiteRunner.run(SuiteRunner.java:304)
at org.testng.SuiteRunnerWorker.runSuite(SuiteRunnerWorker.java:53)
at org.testng.SuiteRunnerWorker.run(SuiteRunnerWorker.java:96)
at org.testng.TestNG.runSuitesSequentially(TestNG.java:1180)
at org.testng.TestNG.runSuitesLocally(TestNG.java:1102)
at org.testng.TestNG.runSuites(TestNG.java:1032)
at org.testng.TestNG.run(TestNG.java:1000)
at runner.TestNGRunner.run(TestNGRunner.java:86)
at runner.JSONRunner.main(JSONRunner.java:115)
at org.codehaus.mojo.exec.ExecJavaMojo$1.run(ExecJavaMojo.java:254)
at java.lang.Thread.run(Thread.java:748)
]]>
            </full-stacktrace>
          </exception> <!-- java.lang.NullPointerException -->
          <reporter-output>
          </reporter-output>
        </test-method> <!-- deletePortfolio -->
        <test-method status="PASS" signature="afterMethod()[pri:0, instance:testcases.rediff.PortfolioManagement@7898dbd9]" name="afterMethod" is-config="true" duration-ms="1" started-at="2022-03-05T11:51:47 IST" finished-at="2022-03-05T11:51:47 IST">
          <reporter-output>
          </reporter-output>
        </test-method> <!-- afterMethod -->
        <test-method status="PASS" signature="quit(org.testng.ITestContext)[pri:0, instance:testcases.rediff.PortfolioManagement@7898dbd9]" name="quit" is-config="true" duration-ms="24" started-at="2022-03-05T11:51:47 IST" finished-at="2022-03-05T11:51:47 IST">
          <params>
            <param index="0">
              <value>
                <![CDATA[org.testng.TestRunner@7999f48c]]>
              </value>
            </param>
          </params>
          <reporter-output>
          </reporter-output>
        </test-method> <!-- quit -->
      </class> <!-- testcases.rediff.PortfolioManagement -->
    </test> <!-- Delete Portfolio Delete Existing Portfolio iteration 2 -->
  </suite> <!-- Portfolio Suite -->
</testng-results>
