<?xml version="1.0" encoding="UTF-8"?>
<!-- Generated by org.testng.reporters.JUnitXMLReporter -->
<testsuite hostname="Renu" ignored="3" name="Delete Portfolio Delete Existing Portfolio iteration 2" tests="1" failures="0" timestamp="2022-03-05T11:51:47 IST" time="0.145" errors="0">
  <testcase name="@BeforeTest beforeTest" time="0.096" classname="testbase.BaseTest">
    <skipped/>
  </testcase> <!-- @BeforeTest beforeTest -->
  <testcase name="@BeforeMethod beforeMethod" time="0.017" classname="testbase.BaseTest">
    <failure type="java.lang.NullPointerException">
      <![CDATA[java.lang.NullPointerException
at testbase.BaseTest.beforeMethod(BaseTest.java:98)
at java.util.ArrayList.forEach(ArrayList.java:1257)
at runner.TestNGRunner.run(TestNGRunner.java:86)
at runner.JSONRunner.main(JSONRunner.java:115)
at org.codehaus.mojo.exec.ExecJavaMojo$1.run(ExecJavaMojo.java:254)
at java.lang.Thread.run(Thread.java:748)
... Removed 28 stack frames]]>
    </failure>
  </testcase> <!-- @BeforeMethod beforeMethod -->
  <testcase name="deletePortfolio" time="0.0" classname="testcases.rediff.PortfolioManagement">
    <skipped/>
  </testcase> <!-- deletePortfolio -->
  <testcase name="selectPortFolio" time="0.0" classname="testcases.rediff.PortfolioManagement">
    <ignored/>
  </testcase> <!-- selectPortFolio -->
  <testcase name="verifyPortfolio" time="0.0" classname="testcases.rediff.PortfolioManagement">
    <ignored/>
  </testcase> <!-- verifyPortfolio -->
  <testcase name="createPortfolio" time="0.0" classname="testcases.rediff.PortfolioManagement">
    <ignored/>
  </testcase> <!-- createPortfolio -->
</testsuite> <!-- Delete Portfolio Delete Existing Portfolio iteration 2 -->
